<?xml version="1.0" encoding="UTF-8"?>
<testsuite xmlns:xsi="http://www.w3.org/2001/XMLSchema-instance" xsi:noNamespaceSchemaLocation="https://maven.apache.org/surefire/maven-surefire-plugin/xsd/surefire-test-report.xsd" name="com.cprime.fibonacciservice.FibonacciServiceApplicationTests" time="2.257" tests="83" errors="0" skipped="0" failures="0">
  <properties>
[...]
</properties>
  <testcase name="fibonacciIndexRequestReturnsCorrectValue{int, long}[1]" classname="com.cprime.fibonacciservice.FibonacciServiceApplicationTests" time="0.306"/>
  <testcase name="fibonacciIndexRequestReturnsCorrectValue{int, long}[2]" classname="com.cprime.fibonacciservice.FibonacciServiceApplicationTests" time="0.006"/>
  <testcase name="fibonacciIndexRequestReturnsCorrectValue{int, long}[3]" classname="com.cprime.fibonacciservice.FibonacciServiceApplicationTests" time="0.005"/>
  <testcase name="fibonacciIndexRequestReturnsCorrectValue{int, long}[4]" classname="com.cprime.fibonacciservice.FibonacciServiceApplicationTests" time="0.006"/>
  <testcase name="fibonacciIndexRequestReturnsCorrectValue{int, long}[5]" classname="com.cprime.fibonacciservice.FibonacciServiceApplicationTests" time="0.008"/>
  <testcase name="fibonacciIndexRequestReturnsCorrectValue{int, long}[6]" classname="com.cprime.fibonacciservice.FibonacciServiceApplicationTests" time="0.004"/>
  <testcase name="fibonacciIndexRequestReturnsCorrectValue{int, long}[7]" classname="com.cprime.fibonacciservice.FibonacciServiceApplicationTests" time="0.006"/>
  <testcase name="fibonacciIndexRequestReturnsCorrectValue{int, long}[8]" classname="com.cprime.fibonacciservice.FibonacciServiceApplicationTests" time="0.006"/>
  <testcase name="fibonacciIndexRequestReturnsCorrectValue{int, long}[9]" classname="com.cprime.fibonacciservice.FibonacciServiceApplicationTests" time="0.006"/>
  <testcase name="fibonacciIndexRequestReturnsCorrectValue{int, long}[10]" classname="com.cprime.fibonacciservice.FibonacciServiceApplicationTests" time="0.006"/>
  <testcase name="fibonacciIndexRequestReturnsCorrectValue{int, long}[11]" classname="com.cprime.fibonacciservice.FibonacciServiceApplicationTests" time="0.007"/>
  <testcase name="fibonacciIndexRequestReturnsCorrectValue{int, long}[12]" classname="com.cprime.fibonacciservice.FibonacciServiceApplicationTests" time="0.006"/>
  <testcase name="fibonacciIndexRequestReturnsCorrectValue{int, long}[13]" classname="com.cprime.fibonacciservice.FibonacciServiceApplicationTests" time="0.007"/>
  <testcase name="fibonacciIndexRequestReturnsCorrectValue{int, long}[14]" classname="com.cprime.fibonacciservice.FibonacciServiceApplicationTests" time="0.006"/>
  <testcase name="fibonacciIndexRequestReturnsCorrectValue{int, long}[15]" classname="com.cprime.fibonacciservice.FibonacciServiceApplicationTests" time="0.005"/>
  <testcase name="fibonacciIndexRequestReturnsCorrectValue{int, long}[16]" classname="com.cprime.fibonacciservice.FibonacciServiceApplicationTests" time="0.007"/>
  <testcase name="fibonacciIndexRequestReturnsCorrectValue{int, long}[17]" classname="com.cprime.fibonacciservice.FibonacciServiceApplicationTests" time="0.005"/>
  <testcase name="fibonacciIndexRequestReturnsCorrectValue{int, long}[18]" classname="com.cprime.fibonacciservice.FibonacciServiceApplicationTests" time="0.006"/>
  <testcase name="fibonacciIndexRequestReturnsCorrectValue{int, long}[19]" classname="com.cprime.fibonacciservice.FibonacciServiceApplicationTests" time="0.006"/>
  <testcase name="fibonacciIndexRequestReturnsCorrectValue{int, long}[20]" classname="com.cprime.fibonacciservice.FibonacciServiceApplicationTests" time="0.006"/>
  <testcase name="fibonacciIndexRequestReturnsCorrectValue{int, long}[21]" classname="com.cprime.fibonacciservice.FibonacciServiceApplicationTests" time="0.006"/>
  <testcase name="fibonacciIndexRequestReturnsCorrectValue{int, long}[22]" classname="com.cprime.fibonacciservice.FibonacciServiceApplicationTests" time="0.006"/>
  <testcase name="fibonacciIndexRequestReturnsCorrectValue{int, long}[23]" classname="com.cprime.fibonacciservice.FibonacciServiceApplicationTests" time="0.005"/>
  <testcase name="fibonacciIndexRequestReturnsCorrectValue{int, long}[24]" classname="com.cprime.fibonacciservice.FibonacciServiceApplicationTests" time="0.005"/>
  <testcase name="fibonacciIndexRequestReturnsCorrectValue{int, long}[25]" classname="com.cprime.fibonacciservice.FibonacciServiceApplicationTests" time="0.007"/>
  <testcase name="fibonacciIndexRequestReturnsCorrectValue{int, long}[26]" classname="com.cprime.fibonacciservice.FibonacciServiceApplicationTests" time="0.005"/>
  <testcase name="fibonacciIndexRequestReturnsCorrectValue{int, long}[27]" classname="com.cprime.fibonacciservice.FibonacciServiceApplicationTests" time="0.005"/>
  <testcase name="fibonacciIndexRequestReturnsCorrectValue{int, long}[28]" classname="com.cprime.fibonacciservice.FibonacciServiceApplicationTests" time="0.006"/>
  <testcase name="fibonacciIndexRequestReturnsCorrectValue{int, long}[29]" classname="com.cprime.fibonacciservice.FibonacciServiceApplicationTests" time="0.005"/>
  <testcase name="fibonacciIndexRequestReturnsCorrectValue{int, long}[30]" classname="com.cprime.fibonacciservice.FibonacciServiceApplicationTests" time="0.005"/>
  <testcase name="fibonacciIndexRequestReturnsCorrectValue{int, long}[31]" classname="com.cprime.fibonacciservice.FibonacciServiceApplicationTests" time="0.006"/>
  <testcase name="fibonacciIndexRequestReturnsCorrectValue{int, long}[32]" classname="com.cprime.fibonacciservice.FibonacciServiceApplicationTests" time="0.007"/>
  <testcase name="fibonacciIndexRequestReturnsCorrectValue{int, long}[33]" classname="com.cprime.fibonacciservice.FibonacciServiceApplicationTests" time="0.006"/>
  <testcase name="fibonacciIndexRequestReturnsCorrectValue{int, long}[34]" classname="com.cprime.fibonacciservice.FibonacciServiceApplicationTests" time="0.005"/>
  <testcase name="fibonacciIndexRequestReturnsCorrectValue{int, long}[35]" classname="com.cprime.fibonacciservice.FibonacciServiceApplicationTests" time="0.005"/>
  <testcase name="fibonacciIndexRequestReturnsCorrectValue{int, long}[36]" classname="com.cprime.fibonacciservice.FibonacciServiceApplicationTests" time="0.005"/>
  <testcase name="fibonacciIndexRequestReturnsCorrectValue{int, long}[37]" classname="com.cprime.fibonacciservice.FibonacciServiceApplicationTests" time="0.006"/>
  <testcase name="fibonacciIndexRequestReturnsCorrectValue{int, long}[38]" classname="com.cprime.fibonacciservice.FibonacciServiceApplicationTests" time="0.005"/>
  <testcase name="fibonacciIndexRequestReturnsCorrectValue{int, long}[39]" classname="com.cprime.fibonacciservice.FibonacciServiceApplicationTests" time="0.004"/>
  <testcase name="fibonacciIndexRequestReturnsCorrectValue{int, long}[40]" classname="com.cprime.fibonacciservice.FibonacciServiceApplicationTests" time="0.005"/>
  <testcase name="fibonacciIndexRequestReturnsCorrectValue{int, long}[41]" classname="com.cprime.fibonacciservice.FibonacciServiceApplicationTests" time="0.006"/>
  <testcase name="fibonacciIndexRequestReturnsCorrectValue{int, long}[42]" classname="com.cprime.fibonacciservice.FibonacciServiceApplicationTests" time="0.005"/>
  <testcase name="fibonacciIndexRequestReturnsCorrectValue{int, long}[43]" classname="com.cprime.fibonacciservice.FibonacciServiceApplicationTests" time="0.006"/>
  <testcase name="fibonacciIndexRequestReturnsCorrectValue{int, long}[44]" classname="com.cprime.fibonacciservice.FibonacciServiceApplicationTests" time="0.005"/>
  <testcase name="fibonacciIndexRequestReturnsCorrectValue{int, long}[45]" classname="com.cprime.fibonacciservice.FibonacciServiceApplicationTests" time="0.004"/>
  <testcase name="fibonacciIndexRequestReturnsCorrectValue{int, long}[46]" classname="com.cprime.fibonacciservice.FibonacciServiceApplicationTests" time="0.004"/>
  <testcase name="fibonacciIndexRequestReturnsCorrectValue{int, long}[47]" classname="com.cprime.fibonacciservice.FibonacciServiceApplicationTests" time="0.004"/>
  <testcase name="fibonacciIndexRequestReturnsCorrectValue{int, long}[48]" classname="com.cprime.fibonacciservice.FibonacciServiceApplicationTests" time="0.005"/>
  <testcase name="fibonacciIndexRequestReturnsCorrectValue{int, long}[49]" classname="com.cprime.fibonacciservice.FibonacciServiceApplicationTests" time="0.005"/>
  <testcase name="fibonacciIndexRequestReturnsCorrectValue{int, long}[50]" classname="com.cprime.fibonacciservice.FibonacciServiceApplicationTests" time="0.006"/>
  <testcase name="fibonacciIndexRequestReturnsCorrectValue{int, long}[51]" classname="com.cprime.fibonacciservice.FibonacciServiceApplicationTests" time="0.006"/>
  <testcase name="fibonacciIndexRequestReturnsCorrectValue{int, long}[52]" classname="com.cprime.fibonacciservice.FibonacciServiceApplicationTests" time="0.006"/>
  <testcase name="fibonacciIndexRequestReturnsCorrectValue{int, long}[53]" classname="com.cprime.fibonacciservice.FibonacciServiceApplicationTests" time="0.005"/>
  <testcase name="fibonacciIndexRequestReturnsCorrectValue{int, long}[54]" classname="com.cprime.fibonacciservice.FibonacciServiceApplicationTests" time="0.004"/>
  <testcase name="fibonacciIndexRequestReturnsCorrectValue{int, long}[55]" classname="com.cprime.fibonacciservice.FibonacciServiceApplicationTests" time="0.004"/>
  <testcase name="fibonacciIndexRequestReturnsCorrectValue{int, long}[56]" classname="com.cprime.fibonacciservice.FibonacciServiceApplicationTests" time="0.004"/>
  <testcase name="fibonacciIndexRequestReturnsCorrectValue{int, long}[57]" classname="com.cprime.fibonacciservice.FibonacciServiceApplicationTests" time="0.005"/>
  <testcase name="fibonacciIndexRequestReturnsCorrectValue{int, long}[58]" classname="com.cprime.fibonacciservice.FibonacciServiceApplicationTests" time="0.004"/>
  <testcase name="fibonacciIndexRequestReturnsCorrectValue{int, long}[59]" classname="com.cprime.fibonacciservice.FibonacciServiceApplicationTests" time="0.004"/>
  <testcase name="fibonacciIndexRequestReturnsCorrectValue{int, long}[60]" classname="com.cprime.fibonacciservice.FibonacciServiceApplicationTests" time="0.005"/>
  <testcase name="fibonacciIndexRequestReturnsCorrectValue{int, long}[61]" classname="com.cprime.fibonacciservice.FibonacciServiceApplicationTests" time="0.005"/>
  <testcase name="fibonacciIndexRequestReturnsCorrectValue{int, long}[62]" classname="com.cprime.fibonacciservice.FibonacciServiceApplicationTests" time="0.005"/>
  <testcase name="fibonacciIndexRequestReturnsCorrectValue{int, long}[63]" classname="com.cprime.fibonacciservice.FibonacciServiceApplicationTests" time="0.005"/>
  <testcase name="fibonacciIndexRequestReturnsCorrectValue{int, long}[64]" classname="com.cprime.fibonacciservice.FibonacciServiceApplicationTests" time="0.005"/>
  <testcase name="fibonacciIndexRequestReturnsCorrectValue{int, long}[65]" classname="com.cprime.fibonacciservice.FibonacciServiceApplicationTests" time="0.004"/>
  <testcase name="fibonacciIndexRequestReturnsCorrectValue{int, long}[66]" classname="com.cprime.fibonacciservice.FibonacciServiceApplicationTests" time="0.004"/>
  <testcase name="fibonacciIndexRequestReturnsCorrectValue{int, long}[67]" classname="com.cprime.fibonacciservice.FibonacciServiceApplicationTests" time="0.004"/>
  <testcase name="fibonacciIndexRequestReturnsCorrectValue{int, long}[68]" classname="com.cprime.fibonacciservice.FibonacciServiceApplicationTests" time="0.005"/>
  <testcase name="fibonacciIndexRequestReturnsCorrectValue{int, long}[69]" classname="com.cprime.fibonacciservice.FibonacciServiceApplicationTests" time="0.005"/>
  <testcase name="fibonacciIndexRequestReturnsCorrectValue{int, long}[70]" classname="com.cprime.fibonacciservice.FibonacciServiceApplicationTests" time="0.005"/>
  <testcase name="fibonacciIndexRequestReturnsCorrectValue{int, long}[71]" classname="com.cprime.fibonacciservice.FibonacciServiceApplicationTests" time="0.004"/>
  <testcase name="fibonacciIndexRequestReturnsCorrectValue{int, long}[72]" classname="com.cprime.fibonacciservice.FibonacciServiceApplicationTests" time="0.004"/>
  <testcase name="fibonacciIndexRequestReturnsCorrectValue{int, long}[73]" classname="com.cprime.fibonacciservice.FibonacciServiceApplicationTests" time="0.004"/>
  <testcase name="fibonacciIndexRequestReturnsCorrectValue{int, long}[74]" classname="com.cprime.fibonacciservice.FibonacciServiceApplicationTests" time="0.004"/>
  <testcase name="fibonacciIndexRequestReturnsCorrectValue{int, long}[75]" classname="com.cprime.fibonacciservice.FibonacciServiceApplicationTests" time="0.003"/>
  <testcase name="fibonacciIndexRequestReturnsCorrectValue{int, long}[76]" classname="com.cprime.fibonacciservice.FibonacciServiceApplicationTests" time="0.004"/>
  <testcase name="rootRequestReturnsSystemUpMessage" classname="com.cprime.fibonacciservice.FibonacciServiceApplicationTests" time="0.009"/>
  <testcase name="main" classname="com.cprime.fibonacciservice.FibonacciServiceApplicationTests" time="0.282"/>
  <testcase name="calculateFibonacciNumberByIndexReturnsCorrectValues{String, String, String}[1]" classname="com.cprime.fibonacciservice.FibonacciServiceApplicationTests" time="0.031"/>
  <testcase name="calculateFibonacciNumberByIndexReturnsCorrectValues{String, String, String}[2]" classname="com.cprime.fibonacciservice.FibonacciServiceApplicationTests" time="0.006"/>
  <testcase name="calculateFibonacciNumberByIndexReturnsCorrectValues{String, String, String}[3]" classname="com.cprime.fibonacciservice.FibonacciServiceApplicationTests" time="0.017"/>
  <testcase name="calculateFibonacciNumberByIndexReturnsCorrectValues{String, String, String}[4]" classname="com.cprime.fibonacciservice.FibonacciServiceApplicationTests" time="0.005"/>
  <testcase name="healthRequestReturnsSystemUpMessage" classname="com.cprime.fibonacciservice.FibonacciServiceApplicationTests" time="0.004"/>
</testsuite>
